<?xml version="1.0" encoding="UTF-8"?>
<!-- Generated by org.testng.reporters.JUnitReportReporter -->
<testsuite hostname="TYSS-Sanjay" failures="0" tests="2" name="practice.sampleDPTest" time="15.196" errors="0" timestamp="14 May 2024 04:47:18 GMT" skipped="0">
  <testcase classname="practice.sampleDPTest" name="getProductInfo" time="7.776"/>
  <testcase classname="practice.sampleDPTest" name="getProductInfo" time="7.420"/>
</testsuite> <!-- practice.sampleDPTest -->
