<?xml version="1.0" encoding="UTF-8"?>
<!-- Generated by org.testng.reporters.JUnitReportReporter -->
<testsuite hostname="TYSS-Sanjay" failures="0" tests="5" name="practice.alphacheck" time="0.016" errors="0" timestamp="20 May 2024 05:12:19 GMT" skipped="0">
  <testcase classname="practice.alphacheck" name="abc" time="0.010"/>
  <testcase classname="practice.alphacheck" name="fbc" time="0.002"/>
  <testcase classname="practice.alphacheck" name="bbc" time="0.001"/>
  <testcase classname="practice.alphacheck" name="cbc" time="0.001"/>
  <testcase classname="practice.alphacheck" name="dbc" time="0.002"/>
</testsuite> <!-- practice.alphacheck -->
