<?xml version="1.0" encoding="UTF-8"?>
<!-- Generated by org.testng.reporters.JUnitReportReporter -->
<testsuite hostname="TYSS-Sanjay" failures="0" tests="1" name="practice.retryanalytest" time="0.007" errors="0" timestamp="17 May 2024 04:42:22 GMT" skipped="0">
  <testcase classname="practice.retryanalytest" name="incovetest" time="0.007"/>
</testsuite> <!-- practice.retryanalytest -->
