<?xml version="1.0" encoding="UTF-8"?>
<!-- Generated by org.testng.reporters.JUnitReportReporter -->
<testsuite hostname="TYSS-Sanjay" failures="0" tests="2" name="com.comcast.crm.organizationtest.PracOrgtest" time="0.006" errors="0" timestamp="14 May 2024 05:29:13 GMT" skipped="0">
  <testcase classname="com.comcast.crm.organizationtest.PracOrgtest" name="CreateOrgwithindustry" time="0.001"/>
  <testcase classname="com.comcast.crm.organizationtest.PracOrgtest" name="CreateOrg" time="0.005"/>
</testsuite> <!-- com.comcast.crm.organizationtest.PracOrgtest -->
