<?xml version="1.0" encoding="UTF-8"?>
<!-- Generated by org.testng.reporters.JUnitReportReporter -->
<testsuite hostname="TYSS-Sanjay" failures="0" tests="1" name="practice.ExtentReportTets" time="7.838" errors="0" timestamp="20 May 2024 06:53:58 GMT" skipped="0">
  <testcase classname="practice.ExtentReportTets" name="reportTest" time="7.838"/>
</testsuite> <!-- practice.ExtentReportTets -->
