<?xml version="1.0" encoding="UTF-8"?>
<!-- Generated by org.testng.reporters.JUnitReportReporter -->
<testsuite hostname="TYSS-Sanjay" failures="0" tests="2" name="com.comcat.crm.contacttest.PracCreatetest" time="0.004" errors="0" timestamp="14 May 2024 05:29:13 GMT" skipped="0">
  <testcase classname="com.comcat.crm.contacttest.PracCreatetest" name="CreateContactwithDate" time="0.003"/>
  <testcase classname="com.comcat.crm.contacttest.PracCreatetest" name="CreateContact" time="0.001"/>
</testsuite> <!-- com.comcat.crm.contacttest.PracCreatetest -->
