<?xml version="1.0" encoding="UTF-8"?>
<!-- Generated by org.testng.reporters.JUnitReportReporter -->
<testsuite hostname="TYSS-Sanjay" failures="0" tests="3" name="com.comcat.crm.contacttest.CreateContactTest" time="36.996" errors="0" timestamp="16 May 2024 07:39:11 GMT" skipped="0">
  <testcase classname="com.comcat.crm.contacttest.CreateContactTest" name="createContactWithData" time="9.594"/>
  <testcase classname="com.comcat.crm.contacttest.CreateContactTest" name="createContactWithOrg" time="17.388"/>
  <testcase classname="com.comcat.crm.contacttest.CreateContactTest" name="createContact" time="10.014"/>
</testsuite> <!-- com.comcat.crm.contacttest.CreateContactTest -->
