<?xml version="1.0" encoding="UTF-8"?>
<!-- Generated by org.testng.reporters.JUnitReportReporter -->
<testsuite hostname="TYSS-Sanjay" failures="0" tests="1" name="practice.ScreenshotTest" time="12.583" errors="0" timestamp="16 May 2024 12:07:46 GMT" skipped="0">
  <testcase classname="practice.ScreenshotTest" name="takeScrrenshot" time="12.583"/>
</testsuite> <!-- practice.ScreenshotTest -->
